<?xml version="1.0" encoding="UTF-8"?>
<testng-results ignored="0" total="4" passed="4" failed="0" skipped="0">
  <reporter-output>
  </reporter-output>
  <suite started-at="2019-08-25T21:31:06Z" name="Default suite" finished-at="2019-08-25T21:31:13Z" duration-ms="6178">
    <groups>
    </groups>
    <test started-at="2019-08-25T21:31:06Z" name="Default test" finished-at="2019-08-25T21:31:13Z" duration-ms="6178">
      <class name="com.absa.api.test.DogBreedApiTest">
        <test-method is-config="true" signature="setUp()[pri:0, instance:com.absa.api.test.DogBreedApiTest@7b993c65]" started-at="2019-08-25T21:31:06Z" name="setUp" finished-at="2019-08-25T21:31:06Z" duration-ms="41" status="PASS">
          <reporter-output>
          </reporter-output>
        </test-method> <!-- setUp -->
        <test-method signature="getRandomImgOrLinkForGolden()[pri:1, instance:com.absa.api.test.DogBreedApiTest@7b993c65]" started-at="2019-08-25T21:31:06Z" name="getRandomImgOrLinkForGolden" finished-at="2019-08-25T21:31:10Z" duration-ms="4025" status="PASS">
          <reporter-output>
          </reporter-output>
        </test-method> <!-- getRandomImgOrLinkForGolden -->
        <test-method signature="getSubBreedListFromRetriver()[pri:2, instance:com.absa.api.test.DogBreedApiTest@7b993c65]" started-at="2019-08-25T21:31:10Z" name="getSubBreedListFromRetriver" finished-at="2019-08-25T21:31:11Z" duration-ms="517" status="PASS">
          <reporter-output>
          </reporter-output>
        </test-method> <!-- getSubBreedListFromRetriver -->
        <test-method signature="verifyRetriverInResponsePayload()[pri:3, instance:com.absa.api.test.DogBreedApiTest@7b993c65]" started-at="2019-08-25T21:31:11Z" name="verifyRetriverInResponsePayload" finished-at="2019-08-25T21:31:11Z" duration-ms="325" status="PASS">
          <reporter-output>
          </reporter-output>
        </test-method> <!-- verifyRetriverInResponsePayload -->
        <test-method signature="getListOfAllDogBreed()[pri:4, instance:com.absa.api.test.DogBreedApiTest@7b993c65]" started-at="2019-08-25T21:31:11Z" name="getListOfAllDogBreed" finished-at="2019-08-25T21:31:12Z" duration-ms="478" status="PASS">
          <reporter-output>
          </reporter-output>
        </test-method> <!-- getListOfAllDogBreed -->
        <test-method is-config="true" signature="reportEnd()[pri:0, instance:com.absa.api.test.DogBreedApiTest@7b993c65]" started-at="2019-08-25T21:31:12Z" name="reportEnd" finished-at="2019-08-25T21:31:13Z" duration-ms="734" status="PASS">
          <reporter-output>
          </reporter-output>
        </test-method> <!-- reportEnd -->
      </class> <!-- com.absa.api.test.DogBreedApiTest -->
    </test> <!-- Default test -->
  </suite> <!-- Default suite -->
</testng-results>
