<?xml version="1.0" encoding="UTF-8"?>
<!-- Generated by org.testng.reporters.JUnitXMLReporter -->
<testsuite ignored="0" hostname="DESKTOP-7IQGA9L" failures="0" tests="4" name="Default test" time="6.178" errors="0" timestamp="25 Aug 2019 21:31:13 GMT">
  <testcase classname="com.absa.api.test.DogBreedApiTest" name="getRandomImgOrLinkForGolden" time="4.025"/>
  <testcase classname="com.absa.api.test.DogBreedApiTest" name="getSubBreedListFromRetriver" time="0.517"/>
  <testcase classname="com.absa.api.test.DogBreedApiTest" name="verifyRetriverInResponsePayload" time="0.325"/>
  <testcase classname="com.absa.api.test.DogBreedApiTest" name="getListOfAllDogBreed" time="0.478"/>
</testsuite> <!-- Default test -->
