<?xml version="1.0" encoding="UTF-8"?>
<testng-results skipped="0" failed="0" total="2" passed="2">
  <reporter-output>
  </reporter-output>
  <suite name="Default suite" duration-ms="105123" started-at="2019-09-01T17:07:09Z" finished-at="2019-09-01T17:08:55Z">
    <groups>
    </groups>
    <test name="Default test" duration-ms="105123" started-at="2019-09-01T17:07:09Z" finished-at="2019-09-01T17:08:55Z">
      <class name="TestLayer.AddUserTest">
        <test-method status="PASS" signature="Next()[pri:0, instance:TestLayer.AddUserTest@4667ae56]" name="Next" is-config="true" duration-ms="54052" started-at="2019-09-01T19:07:15Z" finished-at="2019-09-01T19:08:09Z">
          <reporter-output>
          </reporter-output>
        </test-method> <!-- Next -->
        <test-method status="PASS" signature="newAddUser1(java.lang.String, java.lang.String, java.lang.String, java.lang.String, java.lang.String, java.lang.String, java.lang.String, java.lang.String)[pri:0, instance:TestLayer.AddUserTest@4667ae56]" name="newAddUser1" duration-ms="14440" started-at="2019-09-01T19:08:09Z" data-provider="getATestData" finished-at="2019-09-01T19:08:24Z">
          <params>
            <param index="0">
              <value>
                <![CDATA[FName3]]>
              </value>
            </param>
            <param index="1">
              <value>
                <![CDATA[LName3]]>
              </value>
            </param>
            <param index="2">
              <value>
                <![CDATA[User3]]>
              </value>
            </param>
            <param index="3">
              <value>
                <![CDATA[Pass3]]>
              </value>
            </param>
            <param index="4">
              <value>
                <![CDATA[Company AAA]]>
              </value>
            </param>
            <param index="5">
              <value>
                <![CDATA[Admin]]>
              </value>
            </param>
            <param index="6">
              <value>
                <![CDATA[admin@gmail.com]]>
              </value>
            </param>
            <param index="7">
              <value>
                <![CDATA[82555]]>
              </value>
            </param>
          </params>
          <reporter-output>
          </reporter-output>
        </test-method> <!-- newAddUser1 -->
        <test-method status="PASS" signature="close()[pri:0, instance:TestLayer.AddUserTest@4667ae56]" name="close" is-config="true" duration-ms="1431" started-at="2019-09-01T19:08:24Z" finished-at="2019-09-01T19:08:25Z">
          <reporter-output>
          </reporter-output>
        </test-method> <!-- close -->
        <test-method status="PASS" signature="Next()[pri:0, instance:TestLayer.AddUserTest@4667ae56]" name="Next" is-config="true" duration-ms="22450" started-at="2019-09-01T19:08:25Z" finished-at="2019-09-01T19:08:48Z">
          <reporter-output>
          </reporter-output>
        </test-method> <!-- Next -->
        <test-method status="PASS" signature="newAddUser1(java.lang.String, java.lang.String, java.lang.String, java.lang.String, java.lang.String, java.lang.String, java.lang.String, java.lang.String)[pri:0, instance:TestLayer.AddUserTest@4667ae56]" name="newAddUser1" duration-ms="3485" started-at="2019-09-01T19:08:48Z" data-provider="getATestData" finished-at="2019-09-01T19:08:51Z">
          <params>
            <param index="0">
              <value>
                <![CDATA[FName4]]>
              </value>
            </param>
            <param index="1">
              <value>
                <![CDATA[LName4]]>
              </value>
            </param>
            <param index="2">
              <value>
                <![CDATA[User4]]>
              </value>
            </param>
            <param index="3">
              <value>
                <![CDATA[Pass4]]>
              </value>
            </param>
            <param index="4">
              <value>
                <![CDATA[Company BBB]]>
              </value>
            </param>
            <param index="5">
              <value>
                <![CDATA[Customer]]>
              </value>
            </param>
            <param index="6">
              <value>
                <![CDATA[customer@gmail.com]]>
              </value>
            </param>
            <param index="7">
              <value>
                <![CDATA[83444]]>
              </value>
            </param>
          </params>
          <reporter-output>
          </reporter-output>
        </test-method> <!-- newAddUser1 -->
        <test-method status="PASS" signature="close()[pri:0, instance:TestLayer.AddUserTest@4667ae56]" name="close" is-config="true" duration-ms="3457" started-at="2019-09-01T19:08:51Z" finished-at="2019-09-01T19:08:55Z">
          <reporter-output>
          </reporter-output>
        </test-method> <!-- close -->
      </class> <!-- TestLayer.AddUserTest -->
    </test> <!-- Default test -->
  </suite> <!-- Default suite -->
</testng-results>
